============================= test session starts ==============================
platform darwin -- Python 3.14.4, pytest-9.0.3, pluggy-1.6.0 -- /Users/llm01/Forest-Soul-Forge/.venv/bin/python3
cachedir: .pytest_cache
rootdir: /Users/llm01/Forest-Soul-Forge
configfile: pyproject.toml
plugins: anyio-4.13.0
collecting ... collected 21 items

tests/unit/test_cycles_decision.py::TestApproveCleanMerge::test_returns_200_with_merge_sha PASSED [  4%]
tests/unit/test_cycles_decision.py::TestApproveCleanMerge::test_audit_event_emitted PASSED [  9%]
tests/unit/test_cycles_decision.py::TestApproveMergeConflict::test_returns_409_on_conflict PASSED [ 14%]
tests/unit/test_cycles_decision.py::TestApproveMergeConflict::test_no_audit_event_on_conflict PASSED [ 19%]
tests/unit/test_cycles_decision.py::TestApproveMergeConflict::test_main_branch_intact_after_abort PASSED [ 23%]
tests/unit/test_cycles_decision.py::TestDenyDeleteBranchTrue::test_returns_200_branch_deleted_flag PASSED [ 28%]
tests/unit/test_cycles_decision.py::TestDenyDeleteBranchTrue::test_branch_absent_from_repo PASSED [ 33%]
tests/unit/test_cycles_decision.py::TestDenyDeleteBranchTrue::test_audit_event_records_deletion PASSED [ 38%]
tests/unit/test_cycles_decision.py::TestDenyDeleteBranchFalse::test_returns_200_branch_not_deleted PASSED [ 42%]
tests/unit/test_cycles_decision.py::TestDenyDeleteBranchFalse::test_branch_still_present PASSED [ 47%]
tests/unit/test_cycles_decision.py::TestCounter::test_returns_200_no_merge_no_delete PASSED [ 52%]
tests/unit/test_cycles_decision.py::TestCounter::test_audit_event_records_note PASSED [ 57%]
tests/unit/test_cycles_decision.py::TestInvalidCycleId400::test_rejects_bad_cycle_id[foo] PASSED [ 61%]
tests/unit/test_cycles_decision.py::TestInvalidCycleId400::test_rejects_bad_cycle_id[cycle-abc] PASSED [ 66%]
tests/unit/test_cycles_decision.py::TestInvalidCycleId400::test_rejects_bad_cycle_id[CYCLE-1] PASSED [ 71%]
tests/unit/test_cycles_decision.py::TestInvalidCycleId400::test_rejects_bad_cycle_id[cycle_1] PASSED [ 76%]
tests/unit/test_cycles_decision.py::TestInvalidCycleId400::test_rejects_bad_cycle_id[cycle-] PASSED [ 80%]
tests/unit/test_cycles_decision.py::TestInvalidCycleId400::test_rejects_bad_cycle_id[ cycle-1] PASSED [ 85%]
tests/unit/test_cycles_decision.py::TestPathTraversalDefense::test_dotdot_traversal_blocked_at_url_layer PASSED [ 90%]
tests/unit/test_cycles_decision.py::TestUnknownAgent404::test_unknown_instance_id PASSED [ 95%]
tests/unit/test_cycles_decision.py::TestBranchNotFound404::test_valid_cycle_id_no_branch PASSED [100%]

============================= 21 passed in 12.38s ==============================
