============================= test session starts ==============================
platform darwin -- Python 3.14.4, pytest-9.0.3, pluggy-1.6.0 -- /Users/llm01/Forest-Soul-Forge/.venv/bin/python3
cachedir: .pytest_cache
rootdir: /Users/llm01/Forest-Soul-Forge
configfile: pyproject.toml
plugins: anyio-4.13.0
collecting ... collected 4 items

tests/unit/test_last_shortcut_route.py::TestLastShortcutRoute::test_200_returns_correct_shape_and_values PASSED [ 25%]
tests/unit/test_last_shortcut_route.py::TestLastShortcutRoute::test_404_conversation_not_found PASSED [ 50%]
tests/unit/test_last_shortcut_route.py::TestLastShortcutRoute::test_404_no_matching_shortcut_events PASSED [ 75%]
tests/unit/test_last_shortcut_route.py::TestLastShortcutRoute::test_most_recent_wins_with_multiple_matching_events PASSED [100%]

============================== 4 passed in 0.83s ===============================
